[2022-08-30 14:43:32] [INFO] [mini_flask_demo.py]/[line: 32]/[dynamic_route] 这是一个动态路由，是125 同学的个人信息 
[2022-08-30 15:08:45] [INFO] [mini_flask_demo.py]/[line: 32]/[dynamic_route] 这是一个动态路由，是125 同学的个人信息 
[2022-08-30 15:09:17] [INFO] [Http_request_demo.py]/[line: 10]/[get_case] 这是get方法 
[2022-08-30 15:28:55] [INFO] [Http_request_demo.py]/[line: 10]/[get_case] 这是get方法 
[2022-08-30 15:29:19] [INFO] [Http_request_demo.py]/[line: 10]/[get_case] 这是get方法 
[2022-08-30 15:30:08] [INFO] [Http_request_demo.py]/[line: 10]/[get_case] 这是get方法 
[2022-08-30 15:30:47] [INFO] [Http_request_demo.py]/[line: 10]/[get_case] 这是get方法 
[2022-08-30 15:30:55] [INFO] [Http_request_demo.py]/[line: 16]/[post_case] 这是post方法 
[2022-08-30 15:31:01] [INFO] [Http_request_demo.py]/[line: 22]/[put_case] 这是put方法 
[2022-08-30 15:31:04] [INFO] [Http_request_demo.py]/[line: 10]/[get_case] 这是get方法 
[2022-08-30 15:32:21] [INFO] [Http_request_demo.py]/[line: 28]/[delete_case] 这是delete方法 
[2022-08-30 16:18:20] [INFO] [param_demo.py]/[line: 11]/[login] 请求参数为：ImmutableMultiDict([]) 
[2022-08-30 16:18:32] [INFO] [param_demo.py]/[line: 11]/[login] 请求参数为：ImmutableMultiDict([('h', '')]) 
[2022-08-30 16:25:44] [INFO] [param_demo.py]/[line: 11]/[login] 请求参数为：ImmutableMultiDict([('h', '1'), ('b', '2')]) 
[2022-08-30 16:28:11] [INFO] [param_demo.py]/[line: 11]/[login] 请求参数为：ImmutableMultiDict([('h', '1'), ('b', '2')]) 
[2022-08-30 16:36:50] [INFO] [param_demo.py]/[line: 20]/[post_regist] 请求参数为：{'username': 'mjj', 'pwd': 123456} 
[2022-08-30 16:58:25] [INFO] [param_demo.py]/[line: 33]/[put_regist_form] 请求参数为：ImmutableMultiDict([('name', 'mjj'), ('pwd', '123456')]) 
[2022-08-30 16:58:25] [INFO] [param_demo.py]/[line: 34]/[put_regist_form] name:mjj,pwd:123456 
[2022-08-30 17:29:22] [INFO] [param_demo.py]/[line: 42]/[file] None 
[2022-08-30 17:32:56] [INFO] [param_demo.py]/[line: 42]/[file] None 
[2022-08-30 21:30:22] [INFO] [param_demo.py]/[line: 12]/[login] 请求参数为：ImmutableMultiDict([]) 
